2022-07-18 09:59:34,692 INFO  Logger.cs: 70 - 
--------------------------------------------------------------------------------
2022-07-18 09:59:34,770 INFO  Logger.cs: 71 - Logging commencing for SW2URDF exporter
2022-07-18 09:59:34,771 INFO  Logger.cs: 73 - Commit version 1.6.0-4-g7f85cfe
2022-07-18 09:59:34,772 INFO  Logger.cs: 74 - Build version 1.6.7995.38578
2022-07-18 09:59:34,777 INFO  SwAddin.cs: 192 - Attempting to connect to SW
2022-07-18 09:59:34,778 INFO  SwAddin.cs: 197 - Setting up callbacks
2022-07-18 09:59:34,779 INFO  SwAddin.cs: 201 - Setting up command manager
2022-07-18 09:59:34,780 INFO  SwAddin.cs: 204 - Adding command manager
2022-07-18 09:59:34,785 INFO  SwAddin.cs: 263 - Adding Assembly export to file menu
2022-07-18 09:59:34,786 INFO  SwAddin.cs: 272 - Adding Part export to file menu
2022-07-18 09:59:34,787 INFO  SwAddin.cs: 210 - Adding event handlers
2022-07-18 09:59:34,871 INFO  SwAddin.cs: 217 - Connecting plugin to SolidWorks
2022-07-18 10:05:23,677 INFO  SwAddin.cs: 294 - Assembly export called for file Real Bo Motor With Wheel
2022-07-18 10:05:23,680 INFO  SwAddin.cs: 299 - Save is required
2022-07-18 10:05:23,681 INFO  SwAddin.cs: 313 - Saving assembly
2022-07-18 10:05:24,876 INFO  SwAddin.cs: 316 - Opening property manager
2022-07-18 10:05:24,907 INFO  ExportHelperExtension.cs: 1125 - Retrieving features of type [CoordSys] from Real Bo Motor With Wheel
2022-07-18 10:05:24,920 INFO  ExportHelperExtension.cs: 1136 - Found 23 in Real Bo Motor With Wheel
2022-07-18 10:05:24,921 INFO  ExportHelperExtension.cs: 1145 - Found 0 features of type [CoordSys] in Real Bo Motor With Wheel
2022-07-18 10:05:24,922 INFO  ExportHelperExtension.cs: 1148 - Proceeding through assembly components
2022-07-18 10:05:24,924 INFO  ExportHelperExtension.cs: 1160 - 1 components to check
2022-07-18 10:05:24,927 INFO  ExportHelperExtension.cs: 1125 - Retrieving features of type [CoordSys] from Real Wheel-1
2022-07-18 10:05:24,928 INFO  ExportHelperExtension.cs: 1136 - Found 24 in Real Wheel-1
2022-07-18 10:05:24,928 INFO  ExportHelperExtension.cs: 1145 - Found 0 features of type [CoordSys] in Real Wheel-1
2022-07-18 10:05:24,929 INFO  ExportHelperExtension.cs: 1125 - Retrieving features of type [RefAxis] from Real Bo Motor With Wheel
2022-07-18 10:05:24,930 INFO  ExportHelperExtension.cs: 1136 - Found 23 in Real Bo Motor With Wheel
2022-07-18 10:05:24,931 INFO  ExportHelperExtension.cs: 1145 - Found 0 features of type [RefAxis] in Real Bo Motor With Wheel
2022-07-18 10:05:24,931 INFO  ExportHelperExtension.cs: 1148 - Proceeding through assembly components
2022-07-18 10:05:24,932 INFO  ExportHelperExtension.cs: 1160 - 1 components to check
2022-07-18 10:05:24,933 INFO  ExportHelperExtension.cs: 1125 - Retrieving features of type [RefAxis] from Real Wheel-1
2022-07-18 10:05:24,934 INFO  ExportHelperExtension.cs: 1136 - Found 24 in Real Wheel-1
2022-07-18 10:05:24,934 INFO  ExportHelperExtension.cs: 1145 - Found 0 features of type [RefAxis] in Real Wheel-1
2022-07-18 10:05:25,490 INFO  SwAddin.cs: 339 - Loading config tree
2022-07-18 10:05:25,495 INFO  ExportPropertyManagerExtension.cs: 520 - Starting new configuration
2022-07-18 10:05:25,500 INFO  SwAddin.cs: 344 - Showing property manager
2022-07-18 10:05:31,771 INFO  ExportPropertyManager.cs: 422 - Configuration saved
2022-07-18 10:05:32,177 INFO  ExportPropertyManager.cs: 1142 - AfterClose called. This method no longer throws an Exception. It just silently does nothing. Ok, except for this logging message
2022-07-18 10:06:01,107 INFO  SwAddin.cs: 294 - Assembly export called for file Real Bo Motor With Wheel
2022-07-18 10:06:01,108 INFO  SwAddin.cs: 299 - Save is required
2022-07-18 10:06:01,109 INFO  SwAddin.cs: 313 - Saving assembly
2022-07-18 10:06:01,364 INFO  SwAddin.cs: 316 - Opening property manager
2022-07-18 10:06:01,366 INFO  ExportHelperExtension.cs: 1125 - Retrieving features of type [CoordSys] from Real Bo Motor With Wheel
2022-07-18 10:06:01,367 INFO  ExportHelperExtension.cs: 1136 - Found 23 in Real Bo Motor With Wheel
2022-07-18 10:06:01,368 INFO  ExportHelperExtension.cs: 1145 - Found 0 features of type [CoordSys] in Real Bo Motor With Wheel
2022-07-18 10:06:01,369 INFO  ExportHelperExtension.cs: 1148 - Proceeding through assembly components
2022-07-18 10:06:01,370 INFO  ExportHelperExtension.cs: 1160 - 1 components to check
2022-07-18 10:06:01,371 INFO  ExportHelperExtension.cs: 1125 - Retrieving features of type [CoordSys] from Real Wheel-1
2022-07-18 10:06:01,372 INFO  ExportHelperExtension.cs: 1136 - Found 24 in Real Wheel-1
2022-07-18 10:06:01,373 INFO  ExportHelperExtension.cs: 1145 - Found 0 features of type [CoordSys] in Real Wheel-1
2022-07-18 10:06:01,374 INFO  ExportHelperExtension.cs: 1125 - Retrieving features of type [RefAxis] from Real Bo Motor With Wheel
2022-07-18 10:06:01,375 INFO  ExportHelperExtension.cs: 1136 - Found 23 in Real Bo Motor With Wheel
2022-07-18 10:06:01,378 INFO  ExportHelperExtension.cs: 1145 - Found 0 features of type [RefAxis] in Real Bo Motor With Wheel
2022-07-18 10:06:01,379 INFO  ExportHelperExtension.cs: 1148 - Proceeding through assembly components
2022-07-18 10:06:01,380 INFO  ExportHelperExtension.cs: 1160 - 1 components to check
2022-07-18 10:06:01,381 INFO  ExportHelperExtension.cs: 1125 - Retrieving features of type [RefAxis] from Real Wheel-1
2022-07-18 10:06:01,382 INFO  ExportHelperExtension.cs: 1136 - Found 24 in Real Wheel-1
2022-07-18 10:06:01,383 INFO  ExportHelperExtension.cs: 1145 - Found 0 features of type [RefAxis] in Real Wheel-1
2022-07-18 10:06:01,549 INFO  SwAddin.cs: 339 - Loading config tree
2022-07-18 10:06:01,550 INFO  ExportPropertyManagerExtension.cs: 520 - Starting new configuration
2022-07-18 10:06:01,553 INFO  SwAddin.cs: 344 - Showing property manager
2022-07-18 10:06:14,409 INFO  ExportPropertyManager.cs: 422 - Configuration saved
2022-07-18 10:06:18,395 INFO  ExportHelperExtension.cs: 1125 - Retrieving features of type [CoordSys] from Real Bo Motor With Wheel
2022-07-18 10:06:18,401 INFO  ExportHelperExtension.cs: 1136 - Found 26 in Real Bo Motor With Wheel
2022-07-18 10:06:18,401 INFO  ExportHelperExtension.cs: 1145 - Found 1 features of type [CoordSys] in Real Bo Motor With Wheel
2022-07-18 10:06:18,402 INFO  ExportHelperExtension.cs: 1148 - Proceeding through assembly components
2022-07-18 10:06:18,403 INFO  ExportHelperExtension.cs: 1160 - 1 components to check
2022-07-18 10:06:18,403 INFO  ExportHelperExtension.cs: 1125 - Retrieving features of type [CoordSys] from Real Wheel-1
2022-07-18 10:06:18,404 INFO  ExportHelperExtension.cs: 1136 - Found 24 in Real Wheel-1
2022-07-18 10:06:18,404 INFO  ExportHelperExtension.cs: 1145 - Found 0 features of type [CoordSys] in Real Wheel-1
2022-07-18 10:06:18,405 INFO  ExportHelperExtension.cs: 1125 - Retrieving features of type [RefAxis] from Real Bo Motor With Wheel
2022-07-18 10:06:18,405 INFO  ExportHelperExtension.cs: 1136 - Found 26 in Real Bo Motor With Wheel
2022-07-18 10:06:18,406 INFO  ExportHelperExtension.cs: 1145 - Found 0 features of type [RefAxis] in Real Bo Motor With Wheel
2022-07-18 10:06:18,406 INFO  ExportHelperExtension.cs: 1148 - Proceeding through assembly components
2022-07-18 10:06:18,407 INFO  ExportHelperExtension.cs: 1160 - 1 components to check
2022-07-18 10:06:18,407 INFO  ExportHelperExtension.cs: 1125 - Retrieving features of type [RefAxis] from Real Wheel-1
2022-07-18 10:06:18,408 INFO  ExportHelperExtension.cs: 1136 - Found 24 in Real Wheel-1
2022-07-18 10:06:18,408 INFO  ExportHelperExtension.cs: 1145 - Found 0 features of type [RefAxis] in Real Wheel-1
2022-07-18 10:06:18,484 INFO  ExportPropertyManager.cs: 1142 - AfterClose called. This method no longer throws an Exception. It just silently does nothing. Ok, except for this logging message
2022-07-18 10:06:32,568 INFO  AssemblyExportForm.cs: 253 - Completing URDF export
2022-07-18 10:06:32,574 INFO  ConfigurationSerialization.cs: 276 - URDF Configuration found
<Link z:Id="i1" xmlns="http://schemas.datacontract.org/2004/07/SW2URDF" xmlns:i="http://www.w3.org/2001/XMLSchema-instance" xmlns:z="http://schemas.microsoft.com/2003/10/Serialization/"><Attributes><Attribute z:Id="i2"><AttributeType>name</AttributeType><IsRequired>true</IsRequired><Value i:type="a:string" xmlns:a="http://www.w3.org/2001/XMLSchema">base_link</Value></Attribute></Attributes><ChildElements><URDFElement z:Id="i3" i:type="Inertial"><Attributes/><ChildElements><URDFElement z:Id="i4" i:type="Origin"><Attributes><Attribute z:Id="i5"><AttributeType>xyz</AttributeType><IsRequired>true</IsRequired><Value i:type="a:ArrayOfdouble" xmlns:a="http://schemas.microsoft.com/2003/10/Serialization/Arrays"><a:double>0</a:double><a:double>0</a:double><a:double>0</a:double></Value></Attribute><Attribute z:Id="i6"><AttributeType>rpy</AttributeType><IsRequired>true</IsRequired><Value i:type="a:ArrayOfdouble" xmlns:a="http://schemas.microsoft.com/2003/10/Serialization/Arrays"><a:double>0</a:double><a:double>0</a:double><a:double>0</a:double></Value></Attribute></Attributes><ChildElements/><ElementName>origin</ElementName><required>false</required><RPYAttribute z:Ref="i6"/><XYZAttribute z:Ref="i5"/><isCustomized>false</isCustomized></URDFElement><URDFElement z:Id="i7" i:type="Mass"><Attributes><Attribute z:Id="i8"><AttributeType>value</AttributeType><IsRequired>true</IsRequired><Value i:type="a:double" xmlns:a="http://www.w3.org/2001/XMLSchema">0</Value></Attribute></Attributes><ChildElements/><ElementName>mass</ElementName><required>false</required><ValueAttribute z:Ref="i8"/></URDFElement><URDFElement z:Id="i9" i:type="Inertia"><Attributes><Attribute z:Id="i10"><AttributeType>ixx</AttributeType><IsRequired>true</IsRequired><Value i:type="a:double" xmlns:a="http://www.w3.org/2001/XMLSchema">0</Value></Attribute><Attribute z:Id="i11"><AttributeType>ixy</AttributeType><IsRequired>true</IsRequired><Value i:type="a:double" xmlns:a="http://www.w3.org/2001/XMLSchema">0</Value></Attribute><Attribute z:Id="i12"><AttributeType>ixz</AttributeType><IsRequired>true</IsRequired><Value i:type="a:double" xmlns:a="http://www.w3.org/2001/XMLSchema">0</Value></Attribute><Attribute z:Id="i13"><AttributeType>iyy</AttributeType><IsRequired>true</IsRequired><Value i:type="a:double" xmlns:a="http://www.w3.org/2001/XMLSchema">0</Value></Attribute><Attribute z:Id="i14"><AttributeType>iyz</AttributeType><IsRequired>true</IsRequired><Value i:type="a:double" xmlns:a="http://www.w3.org/2001/XMLSchema">0</Value></Attribute><Attribute z:Id="i15"><AttributeType>izz</AttributeType><IsRequired>true</IsRequired><Value i:type="a:double" xmlns:a="http://www.w3.org/2001/XMLSchema">0</Value></Attribute></Attributes><ChildElements/><ElementName>inertia</ElementName><required>false</required><IxxAttribute z:Ref="i10"/><IxyAttribute z:Ref="i11"/><IxzAttribute z:Ref="i12"/><IyyAttribute z:Ref="i13"/><IyzAttribute z:Ref="i14"/><IzzAttribute z:Ref="i15"/></URDFElement></ChildElements><ElementName>inertial</ElementName><required>false</required><Inertia z:Ref="i9"/><Mass z:Ref="i7"/><Origin z:Ref="i4"/></URDFElement><URDFElement z:Id="i16" i:type="Visual"><Attributes/><ChildElements><URDFElement z:Id="i17" i:type="Origin"><Attributes><Attribute z:Id="i18"><AttributeType>xyz</AttributeType><IsRequired>true</IsRequired><Value i:type="a:ArrayOfdouble" xmlns:a="http://schemas.microsoft.com/2003/10/Serialization/Arrays"><a:double>0</a:double><a:double>0</a:double><a:double>0</a:double></Value></Attribute><Attribute z:Id="i19"><AttributeType>rpy</AttributeType><IsRequired>true</IsRequired><Value i:type="a:ArrayOfdouble" xmlns:a="http://schemas.microsoft.com/2003/10/Serialization/Arrays"><a:double>0</a:double><a:double>0</a:double><a:double>0</a:double></Value></Attribute></Attributes><ChildElements/><ElementName>origin</ElementName><required>false</required><RPYAttribute z:Ref="i19"/><XYZAttribute z:Ref="i18"/><isCustomized>false</isCustomized></URDFElement><URDFElement z:Id="i20" i:type="Geometry"><Attributes/><ChildElements><URDFElement z:Id="i21" i:type="Mesh"><Attributes><Attribute z:Id="i22"><AttributeType>filename</AttributeType><IsRequired>true</IsRequired><Value i:nil="true"/></Attribute></Attributes><ChildElements/><ElementName>mesh</ElementName><required>false</required><FilenameAttribute z:Ref="i22"/></URDFElement></ChildElements><ElementName>geometry</ElementName><required>true</required><Mesh z:Ref="i21"/></URDFElement><URDFElement z:Id="i23" i:type="Material"><Attributes><Attribute z:Id="i24"><AttributeType>name</AttributeType><IsRequired>true</IsRequired><Value i:type="a:string" xmlns:a="http://www.w3.org/2001/XMLSchema"/></Attribute></Attributes><ChildElements><URDFElement z:Id="i25" i:type="Color"><Attributes><Attribute z:Id="i26"><AttributeType>rgba</AttributeType><IsRequired>true</IsRequired><Value i:type="a:ArrayOfdouble" xmlns:a="http://schemas.microsoft.com/2003/10/Serialization/Arrays"><a:double>1</a:double><a:double>1</a:double><a:double>1</a:double><a:double>1</a:double></Value></Attribute></Attributes><ChildElements/><ElementName>color</ElementName><required>false</required><RGBAAttribute z:Ref="i26"/></URDFElement><URDFElement z:Id="i27" i:type="Texture"><Attributes><Attribute z:Id="i28"><AttributeType>filename</AttributeType><IsRequired>true</IsRequired><Value i:nil="true"/></Attribute></Attributes><ChildElements/><ElementName>texture</ElementName><required>false</required><FilenameAttribute z:Ref="i28"/><wFilename/></URDFElement></ChildElements><ElementName>material</ElementName><required>false</required><Color z:Ref="i25"/><NameAttribute z:Ref="i24"/><Texture z:Ref="i27"/></URDFElement></ChildElements><ElementName>visual</ElementName><required>false</required><Geometry z:Ref="i20"/><Material z:Ref="i23"/><Origin z:Ref="i17"/></URDFElement><URDFElement z:Id="i29" i:type="Collision"><Attributes/><ChildElements><URDFElement z:Id="i30" i:type="Origin"><Attributes><Attribute z:Id="i31"><AttributeType>xyz</AttributeType><IsRequired>true</IsRequired><Value i:type="a:ArrayOfdouble" xmlns:a="http://schemas.microsoft.com/2003/10/Serialization/Arrays"><a:double>0</a:double><a:double>0</a:double><a:double>0</a:double></Value></Attribute><Attribute z:Id="i32"><AttributeType>rpy</AttributeType><IsRequired>true</IsRequired><Value i:type="a:ArrayOfdouble" xmlns:a="http://schemas.microsoft.com/2003/10/Serialization/Arrays"><a:double>0</a:double><a:double>0</a:double><a:double>0</a:double></Value></Attribute></Attributes><ChildElements/><ElementName>origin</ElementName><required>false</required><RPYAttribute z:Ref="i32"/><XYZAttribute z:Ref="i31"/><isCustomized>false</isCustomized></URDFElement><URDFElement z:Id="i33" i:type="Geometry"><Attributes/><ChildElements><URDFElement z:Id="i34" i:type="Mesh"><Attributes><Attribute z:Id="i35"><AttributeType>filename</AttributeType><IsRequired>true</IsRequired><Value i:nil="true"/></Attribute></Attributes><ChildElements/><ElementName>mesh</ElementName><required>false</required><FilenameAttribute z:Ref="i35"/></URDFElement></ChildElements><ElementName>geometry</ElementName><required>true</required><Mesh z:Ref="i34"/></URDFElement></ChildElements><ElementName>collision</ElementName><required>false</required><Geometry z:Ref="i33"/><Origin z:Ref="i30"/></URDFElement><URDFElement z:Id="i36" i:type="Joint"><Attributes><Attribute z:Id="i37"><AttributeType>name</AttributeType><IsRequired>true</IsRequired><Value i:type="a:string" xmlns:a="http://www.w3.org/2001/XMLSchema"/></Attribute><Attribute z:Id="i38"><AttributeType>type</AttributeType><IsRequired>true</IsRequired><Value i:type="a:string" xmlns:a="http://www.w3.org/2001/XMLSchema"/></Attribute></Attributes><ChildElements><URDFElement z:Id="i39" i:type="Origin"><Attributes><Attribute z:Id="i40"><AttributeType>xyz</AttributeType><IsRequired>true</IsRequired><Value i:type="a:ArrayOfdouble" xmlns:a="http://schemas.microsoft.com/2003/10/Serialization/Arrays"><a:double>0</a:double><a:double>0</a:double><a:double>0</a:double></Value></Attribute><Attribute z:Id="i41"><AttributeType>rpy</AttributeType><IsRequired>true</IsRequired><Value i:type="a:ArrayOfdouble" xmlns:a="http://schemas.microsoft.com/2003/10/Serialization/Arrays"><a:double>0</a:double><a:double>0</a:double><a:double>0</a:double></Value></Attribute></Attributes><ChildElements/><ElementName>origin</ElementName><required>false</required><RPYAttribute z:Ref="i41"/><XYZAttribute z:Ref="i40"/><isCustomized>false</isCustomized></URDFElement><URDFElement z:Id="i42" i:type="ParentLink"><Attributes><Attribute z:Id="i43"><AttributeType>link</AttributeType><IsRequired>true</IsRequired><Value i:type="a:string" xmlns:a="http://www.w3.org/2001/XMLSchema"/></Attribute></Attributes><ChildElements/><ElementName>parent</ElementName><required>true</required><NameAttribute z:Ref="i43"/></URDFElement><URDFElement z:Id="i44" i:type="ChildLink"><Attributes><Attribute z:Id="i45"><AttributeType>link</AttributeType><IsRequired>true</IsRequired><Value i:type="a:string" xmlns:a="http://www.w3.org/2001/XMLSchema"/></Attribute></Attributes><ChildElements/><ElementName>child</ElementName><required>true</required><NameAttribute z:Ref="i45"/></URDFElement><URDFElement z:Id="i46" i:type="Axis"><Attributes><Attribute z:Id="i47"><AttributeType>xyz</AttributeType><IsRequired>true</IsRequired><Value i:type="a:ArrayOfdouble" xmlns:a="http://schemas.microsoft.com/2003/10/Serialization/Arrays"><a:double>0</a:double><a:double>0</a:double><a:double>0</a:double></Value></Attribute></Attributes><ChildElements/><ElementName>axis</ElementName><required>false</required><XYZAttribute z:Ref="i47"/></URDFElement><URDFElement z:Id="i48" i:type="Limit"><Attributes><Attribute z:Id="i49"><AttributeType>lower</AttributeType><IsRequired>false</IsRequired><Value i:nil="true"/></Attribute><Attribute z:Id="i50"><AttributeType>upper</AttributeType><IsRequired>false</IsRequired><Value i:nil="true"/></Attribute><Attribute z:Id="i51"><AttributeType>effort</AttributeType><IsRequired>true</IsRequired><Value i:nil="true"/></Attribute><Attribute z:Id="i52"><AttributeType>velocity</AttributeType><IsRequired>true</IsRequired><Value i:nil="true"/></Attribute></Attributes><ChildElements/><ElementName>limit</ElementName><required>false</required><EffortAttribute z:Ref="i51"/><LowerAttribute z:Ref="i49"/><UpperAttribute z:Ref="i50"/><VelocityAttribute z:Ref="i52"/></URDFElement><URDFElement z:Id="i53" i:type="Calibration"><Attributes><Attribute z:Id="i54"><AttributeType>rising</AttributeType><IsRequired>false</IsRequired><Value i:nil="true"/></Attribute><Attribute z:Id="i55"><AttributeType>falling</AttributeType><IsRequired>false</IsRequired><Value i:nil="true"/></Attribute></Attributes><ChildElements/><ElementName>calibration</ElementName><required>false</required><FallingAttribute z:Ref="i55"/><RisingAttribute z:Ref="i54"/></URDFElement><URDFElement z:Id="i56" i:type="Dynamics"><Attributes><Attribute z:Id="i57"><AttributeType>damping</AttributeType><IsRequired>false</IsRequired><Value i:nil="true"/></Attribute><Attribute z:Id="i58"><AttributeType>friction</AttributeType><IsRequired>false</IsRequired><Value i:nil="true"/></Attribute></Attributes><ChildElements/><ElementName>dynamics</ElementName><required>false</required><DampingAttribute z:Ref="i57"/><FrictionAttribute z:Ref="i58"/></URDFElement><URDFElement z:Id="i59" i:type="SafetyController"><Attributes><Attribute z:Id="i60"><AttributeType>soft_upper_limit</AttributeType><IsRequired>false</IsRequired><Value i:nil="true"/></Attribute><Attribute z:Id="i61"><AttributeType>soft_lower_limit</AttributeType><IsRequired>false</IsRequired><Value i:nil="true"/></Attribute><Attribute z:Id="i62"><AttributeType>k_position</AttributeType><IsRequired>false</IsRequired><Value i:nil="true"/></Attribute><Attribute z:Id="i63"><AttributeType>k_velocity</AttributeType><IsRequired>true</IsRequired><Value i:nil="true"/></Attribute></Attributes><ChildElements/><ElementName>safety_controller</ElementName><required>false</required><KPositionAttribute z:Ref="i62"/><KVelocityAttribute z:Ref="i63"/><SoftLowerAttribute z:Ref="i61"/><SoftUpperAttribute z:Ref="i60"/></URDFElement><URDFElement z:Id="i64" i:type="Mimic"><Attributes><Attribute z:Id="i65"><AttributeType>joint</AttributeType><IsRequired>true</IsRequired><Value i:nil="true"/></Attribute><Attribute z:Id="i66"><AttributeType>multiplier</AttributeType><IsRequired>false</IsRequired><Value i:nil="true"/></Attribute><Attribute z:Id="i67"><AttributeType>offset</AttributeType><IsRequired>false</IsRequired><Value i:nil="true"/></Attribute></Attributes><ChildElements/><ElementName>mimic</ElementName><required>false</required><JointNameAttribute z:Ref="i65"/><MultiplierAttribute z:Ref="i66"/><OffsetAttribute z:Ref="i67"/></URDFElement></ChildElements><ElementName>joint</ElementName><required>false</required><Axis z:Ref="i46"/><AxisName/><Calibration z:Ref="i53"/><Child z:Ref="i44"/><CoordinateSystemName>Automatically Generate</CoordinateSystemName><Dynamics z:Ref="i56"/><Limit z:Ref="i48"/><Mimic z:Ref="i64"/><NameAttribute z:Ref="i37"/><Origin z:Ref="i39"/><Parent z:Ref="i42"/><Safety z:Ref="i59"/><TypeAttribute z:Ref="i38"/></URDFElement></ChildElements><ElementName>link</ElementName><required>true</required><Children/><Collision z:Ref="i29"/><Inertial z:Ref="i3"/><Joint z:Ref="i36"/><NameAttribute z:Ref="i2"/><Parent i:nil="true"/><STLQualityFine>false</STLQualityFine><SWComponentPIDs xmlns:a="http://schemas.microsoft.com/2003/10/Serialization/Arrays"><a:base64Binary>4C4AAAUAAAD//v8lUgBlAGEAbAAgAFcAaABlAGUAbAAtADEAQABSAGUAYQBsACAAQgBvACAATQBvAHQAbwByACAAVwBpAHQAaAAgAFcAaABlAGUAbAAEAAAAEAAAAAEAAAABAAAAGgAAAA==</a:base64Binary></SWComponentPIDs><SWMainComponentPID i:nil="true"/><Visual z:Ref="i16"/><isFixedFrame>false</isFixedFrame><isIncomplete>false</isIncomplete></Link>
2022-07-18 10:06:43,929 INFO  AssemblyExportForm.cs: 309 - Saving URDF package to D:\Praneet\Others\Self Project\wheel_urdf
2022-07-18 10:06:43,933 INFO  ExportHelper.cs: 147 - Beginning the export process
2022-07-18 10:06:43,935 INFO  ExportHelper.cs: 153 - Creating package directories with name wheel_urdf and save path D:\Praneet\Others\Self Project
2022-07-18 10:06:48,510 INFO  ExportHelper.cs: 162 - Creating CMakeLists.txt at D:\Praneet\Others\Self Project\wheel_urdf\CMakeLists.txt
2022-07-18 10:06:48,512 INFO  ExportHelper.cs: 166 - Creating joint names config at D:\Praneet\Others\Self Project\wheel_urdf\config\joint_names_wheel_urdf.yaml
2022-07-18 10:06:48,616 INFO  ExportHelper.cs: 170 - Creating package.xml at D:\Praneet\Others\Self Project\wheel_urdf\package.xml
2022-07-18 10:06:48,618 INFO  PackageXMLWriter.cs: 21 - Creating package.xml at D:\Praneet\Others\Self Project\wheel_urdf\package.xml
2022-07-18 10:06:48,636 INFO  ExportHelper.cs: 177 - Creating RVIZ launch file in D:\Praneet\Others\Self Project\wheel_urdf\launch\
2022-07-18 10:06:48,639 INFO  ExportHelper.cs: 182 - Creating Gazebo launch file in D:\Praneet\Others\Self Project\wheel_urdf\launch\
2022-07-18 10:06:48,641 INFO  ExportHelper.cs: 187 - Saving existing STL preferences
2022-07-18 10:06:48,642 INFO  ExportHelper.cs: 450 - Saving users preferences
2022-07-18 10:06:48,644 INFO  ExportHelper.cs: 190 - Modifying STL preferences
2022-07-18 10:06:48,645 INFO  ExportHelper.cs: 464 - Setting STL preferences
2022-07-18 10:06:48,660 INFO  ExportHelper.cs: 196 - Found 0 hidden components 
2022-07-18 10:06:48,661 INFO  ExportHelper.cs: 197 - Hiding all components
2022-07-18 10:06:49,428 INFO  ExportHelper.cs: 204 - Beginning individual files export
2022-07-18 10:06:49,433 INFO  ExportHelper.cs: 270 - Exporting link: base_link
2022-07-18 10:06:49,435 INFO  ExportHelper.cs: 272 - Link base_link has 0 children
2022-07-18 10:06:49,436 INFO  ExportHelper.cs: 317 - base_link: Exporting STL with coordinate frame Origin_global
2022-07-18 10:06:49,437 INFO  ExportHelper.cs: 322 - base_link: Reference geometry name 
2022-07-18 10:06:49,485 INFO  ExportHelper.cs: 330 - Saving STL to D:\Praneet\Others\Self Project\wheel_urdf\meshes\base_link.STL
2022-07-18 10:06:49,919 INFO  ExportHelper.cs: 405 - Removing SW header in STL file
2022-07-18 10:06:49,920 INFO  ExportHelper.cs: 145 - Showing all components except previously hidden components
2022-07-18 10:06:49,941 INFO  ExportHelper.cs: 145 - Resetting STL preferences
2022-07-18 10:06:49,942 INFO  ExportHelper.cs: 478 - Returning STL preferences to user preferences
2022-07-18 10:06:49,943 INFO  ExportHelper.cs: 228 - Writing URDF file to D:\Praneet\Others\Self Project\wheel_urdf\urdf\wheel_urdf.urdf
2022-07-18 10:06:50,035 INFO  CSVImportExport.cs: 32 - Writing CSV file D:\Praneet\Others\Self Project\wheel_urdf\urdf\wheel_urdf.csv
2022-07-18 10:06:50,069 ERROR CSVImportExport.cs: 130 - The following columns were not written to the CSV: Link.Joint.ChildLink.link,
2022-07-18 10:06:50,070 INFO  ExportHelper.cs: 234 - Copying log file
2022-07-18 10:06:50,075 INFO  ExportHelper.cs: 439 - Copying C:\Users\Praneet Nayak\sw2urdf_logs\sw2urdf.log to D:\Praneet\Others\Self Project\wheel_urdf\export.log
2022-07-18 10:06:50,079 INFO  ExportHelper.cs: 237 - Resetting STL preferences
2022-07-18 10:06:50,079 INFO  ExportHelper.cs: 478 - Returning STL preferences to user preferences
2022-07-18 10:15:11,815 INFO  SwAddin.cs: 294 - Assembly export called for file Real Bo Motor With Wheel
2022-07-18 10:15:11,816 INFO  SwAddin.cs: 299 - Save is required
2022-07-18 10:15:11,816 INFO  SwAddin.cs: 313 - Saving assembly
2022-07-18 10:15:11,817 INFO  SwAddin.cs: 316 - Opening property manager
2022-07-18 10:15:11,818 INFO  ExportHelperExtension.cs: 1125 - Retrieving features of type [CoordSys] from Real Bo Motor With Wheel
2022-07-18 10:15:11,818 INFO  ExportHelperExtension.cs: 1136 - Found 24 in Real Bo Motor With Wheel
2022-07-18 10:15:11,819 INFO  ExportHelperExtension.cs: 1145 - Found 0 features of type [CoordSys] in Real Bo Motor With Wheel
2022-07-18 10:15:11,819 INFO  ExportHelperExtension.cs: 1148 - Proceeding through assembly components
2022-07-18 10:15:11,820 INFO  ExportHelperExtension.cs: 1160 - 2 components to check
2022-07-18 10:15:11,821 INFO  ExportHelperExtension.cs: 1125 - Retrieving features of type [CoordSys] from Real Bo Motor Frame_1-1
2022-07-18 10:15:11,821 INFO  ExportHelperExtension.cs: 1136 - Found 18 in Real Bo Motor Frame_1-1
2022-07-18 10:15:11,822 INFO  ExportHelperExtension.cs: 1145 - Found 0 features of type [CoordSys] in Real Bo Motor Frame_1-1
2022-07-18 10:15:11,823 INFO  ExportHelperExtension.cs: 1125 - Retrieving features of type [CoordSys] from Real Bo Motor Gear Box_1-1
2022-07-18 10:15:11,823 INFO  ExportHelperExtension.cs: 1136 - Found 17 in Real Bo Motor Gear Box_1-1
2022-07-18 10:15:11,824 INFO  ExportHelperExtension.cs: 1145 - Found 0 features of type [CoordSys] in Real Bo Motor Gear Box_1-1
2022-07-18 10:15:11,825 INFO  ExportHelperExtension.cs: 1125 - Retrieving features of type [RefAxis] from Real Bo Motor With Wheel
2022-07-18 10:15:11,826 INFO  ExportHelperExtension.cs: 1136 - Found 24 in Real Bo Motor With Wheel
2022-07-18 10:15:11,826 INFO  ExportHelperExtension.cs: 1145 - Found 0 features of type [RefAxis] in Real Bo Motor With Wheel
2022-07-18 10:15:11,827 INFO  ExportHelperExtension.cs: 1148 - Proceeding through assembly components
2022-07-18 10:15:11,827 INFO  ExportHelperExtension.cs: 1160 - 2 components to check
2022-07-18 10:15:11,846 INFO  ExportHelperExtension.cs: 1125 - Retrieving features of type [RefAxis] from Real Bo Motor Frame_1-1
2022-07-18 10:15:11,847 INFO  ExportHelperExtension.cs: 1136 - Found 18 in Real Bo Motor Frame_1-1
2022-07-18 10:15:11,848 INFO  ExportHelperExtension.cs: 1145 - Found 0 features of type [RefAxis] in Real Bo Motor Frame_1-1
2022-07-18 10:15:11,849 INFO  ExportHelperExtension.cs: 1125 - Retrieving features of type [RefAxis] from Real Bo Motor Gear Box_1-1
2022-07-18 10:15:11,850 INFO  ExportHelperExtension.cs: 1136 - Found 17 in Real Bo Motor Gear Box_1-1
2022-07-18 10:15:11,851 INFO  ExportHelperExtension.cs: 1145 - Found 0 features of type [RefAxis] in Real Bo Motor Gear Box_1-1
2022-07-18 10:15:12,032 INFO  SwAddin.cs: 339 - Loading config tree
2022-07-18 10:15:12,033 INFO  ExportPropertyManagerExtension.cs: 520 - Starting new configuration
2022-07-18 10:15:12,038 INFO  SwAddin.cs: 344 - Showing property manager
2022-07-18 10:15:22,998 INFO  ExportPropertyManager.cs: 422 - Configuration saved
2022-07-18 10:15:25,259 INFO  ExportHelperExtension.cs: 1125 - Retrieving features of type [CoordSys] from Real Bo Motor With Wheel
2022-07-18 10:15:25,260 INFO  ExportHelperExtension.cs: 1136 - Found 27 in Real Bo Motor With Wheel
2022-07-18 10:15:25,261 INFO  ExportHelperExtension.cs: 1145 - Found 1 features of type [CoordSys] in Real Bo Motor With Wheel
2022-07-18 10:15:25,262 INFO  ExportHelperExtension.cs: 1148 - Proceeding through assembly components
2022-07-18 10:15:25,262 INFO  ExportHelperExtension.cs: 1160 - 2 components to check
2022-07-18 10:15:25,263 INFO  ExportHelperExtension.cs: 1125 - Retrieving features of type [CoordSys] from Real Bo Motor Frame_1-1
2022-07-18 10:15:25,263 INFO  ExportHelperExtension.cs: 1136 - Found 18 in Real Bo Motor Frame_1-1
2022-07-18 10:15:25,264 INFO  ExportHelperExtension.cs: 1145 - Found 0 features of type [CoordSys] in Real Bo Motor Frame_1-1
2022-07-18 10:15:25,264 INFO  ExportHelperExtension.cs: 1125 - Retrieving features of type [CoordSys] from Real Bo Motor Gear Box_1-1
2022-07-18 10:15:25,265 INFO  ExportHelperExtension.cs: 1136 - Found 17 in Real Bo Motor Gear Box_1-1
2022-07-18 10:15:25,265 INFO  ExportHelperExtension.cs: 1145 - Found 0 features of type [CoordSys] in Real Bo Motor Gear Box_1-1
2022-07-18 10:15:25,266 INFO  ExportHelperExtension.cs: 1125 - Retrieving features of type [RefAxis] from Real Bo Motor With Wheel
2022-07-18 10:15:25,338 INFO  ExportHelperExtension.cs: 1136 - Found 27 in Real Bo Motor With Wheel
2022-07-18 10:15:25,339 INFO  ExportHelperExtension.cs: 1145 - Found 0 features of type [RefAxis] in Real Bo Motor With Wheel
2022-07-18 10:15:25,340 INFO  ExportHelperExtension.cs: 1148 - Proceeding through assembly components
2022-07-18 10:15:25,341 INFO  ExportHelperExtension.cs: 1160 - 2 components to check
2022-07-18 10:15:25,342 INFO  ExportHelperExtension.cs: 1125 - Retrieving features of type [RefAxis] from Real Bo Motor Frame_1-1
2022-07-18 10:15:25,343 INFO  ExportHelperExtension.cs: 1136 - Found 18 in Real Bo Motor Frame_1-1
2022-07-18 10:15:25,343 INFO  ExportHelperExtension.cs: 1145 - Found 0 features of type [RefAxis] in Real Bo Motor Frame_1-1
2022-07-18 10:15:25,344 INFO  ExportHelperExtension.cs: 1125 - Retrieving features of type [RefAxis] from Real Bo Motor Gear Box_1-1
2022-07-18 10:15:25,345 INFO  ExportHelperExtension.cs: 1136 - Found 17 in Real Bo Motor Gear Box_1-1
2022-07-18 10:15:25,345 INFO  ExportHelperExtension.cs: 1145 - Found 0 features of type [RefAxis] in Real Bo Motor Gear Box_1-1
2022-07-18 10:15:25,420 INFO  ExportPropertyManager.cs: 1142 - AfterClose called. This method no longer throws an Exception. It just silently does nothing. Ok, except for this logging message
2022-07-18 10:15:41,591 INFO  AssemblyExportForm.cs: 253 - Completing URDF export
2022-07-18 10:15:41,593 INFO  ConfigurationSerialization.cs: 276 - URDF Configuration found
<Link z:Id="i1" xmlns="http://schemas.datacontract.org/2004/07/SW2URDF" xmlns:i="http://www.w3.org/2001/XMLSchema-instance" xmlns:z="http://schemas.microsoft.com/2003/10/Serialization/"><Attributes><Attribute z:Id="i2"><AttributeType>name</AttributeType><IsRequired>true</IsRequired><Value i:type="a:string" xmlns:a="http://www.w3.org/2001/XMLSchema">base_link</Value></Attribute></Attributes><ChildElements><URDFElement z:Id="i3" i:type="Inertial"><Attributes/><ChildElements><URDFElement z:Id="i4" i:type="Origin"><Attributes><Attribute z:Id="i5"><AttributeType>xyz</AttributeType><IsRequired>true</IsRequired><Value i:type="a:ArrayOfdouble" xmlns:a="http://schemas.microsoft.com/2003/10/Serialization/Arrays"><a:double>0</a:double><a:double>0</a:double><a:double>0</a:double></Value></Attribute><Attribute z:Id="i6"><AttributeType>rpy</AttributeType><IsRequired>true</IsRequired><Value i:type="a:ArrayOfdouble" xmlns:a="http://schemas.microsoft.com/2003/10/Serialization/Arrays"><a:double>0</a:double><a:double>0</a:double><a:double>0</a:double></Value></Attribute></Attributes><ChildElements/><ElementName>origin</ElementName><required>false</required><RPYAttribute z:Ref="i6"/><XYZAttribute z:Ref="i5"/><isCustomized>false</isCustomized></URDFElement><URDFElement z:Id="i7" i:type="Mass"><Attributes><Attribute z:Id="i8"><AttributeType>value</AttributeType><IsRequired>true</IsRequired><Value i:type="a:double" xmlns:a="http://www.w3.org/2001/XMLSchema">0</Value></Attribute></Attributes><ChildElements/><ElementName>mass</ElementName><required>false</required><ValueAttribute z:Ref="i8"/></URDFElement><URDFElement z:Id="i9" i:type="Inertia"><Attributes><Attribute z:Id="i10"><AttributeType>ixx</AttributeType><IsRequired>true</IsRequired><Value i:type="a:double" xmlns:a="http://www.w3.org/2001/XMLSchema">0</Value></Attribute><Attribute z:Id="i11"><AttributeType>ixy</AttributeType><IsRequired>true</IsRequired><Value i:type="a:double" xmlns:a="http://www.w3.org/2001/XMLSchema">0</Value></Attribute><Attribute z:Id="i12"><AttributeType>ixz</AttributeType><IsRequired>true</IsRequired><Value i:type="a:double" xmlns:a="http://www.w3.org/2001/XMLSchema">0</Value></Attribute><Attribute z:Id="i13"><AttributeType>iyy</AttributeType><IsRequired>true</IsRequired><Value i:type="a:double" xmlns:a="http://www.w3.org/2001/XMLSchema">0</Value></Attribute><Attribute z:Id="i14"><AttributeType>iyz</AttributeType><IsRequired>true</IsRequired><Value i:type="a:double" xmlns:a="http://www.w3.org/2001/XMLSchema">0</Value></Attribute><Attribute z:Id="i15"><AttributeType>izz</AttributeType><IsRequired>true</IsRequired><Value i:type="a:double" xmlns:a="http://www.w3.org/2001/XMLSchema">0</Value></Attribute></Attributes><ChildElements/><ElementName>inertia</ElementName><required>false</required><IxxAttribute z:Ref="i10"/><IxyAttribute z:Ref="i11"/><IxzAttribute z:Ref="i12"/><IyyAttribute z:Ref="i13"/><IyzAttribute z:Ref="i14"/><IzzAttribute z:Ref="i15"/></URDFElement></ChildElements><ElementName>inertial</ElementName><required>false</required><Inertia z:Ref="i9"/><Mass z:Ref="i7"/><Origin z:Ref="i4"/></URDFElement><URDFElement z:Id="i16" i:type="Visual"><Attributes/><ChildElements><URDFElement z:Id="i17" i:type="Origin"><Attributes><Attribute z:Id="i18"><AttributeType>xyz</AttributeType><IsRequired>true</IsRequired><Value i:type="a:ArrayOfdouble" xmlns:a="http://schemas.microsoft.com/2003/10/Serialization/Arrays"><a:double>0</a:double><a:double>0</a:double><a:double>0</a:double></Value></Attribute><Attribute z:Id="i19"><AttributeType>rpy</AttributeType><IsRequired>true</IsRequired><Value i:type="a:ArrayOfdouble" xmlns:a="http://schemas.microsoft.com/2003/10/Serialization/Arrays"><a:double>0</a:double><a:double>0</a:double><a:double>0</a:double></Value></Attribute></Attributes><ChildElements/><ElementName>origin</ElementName><required>false</required><RPYAttribute z:Ref="i19"/><XYZAttribute z:Ref="i18"/><isCustomized>false</isCustomized></URDFElement><URDFElement z:Id="i20" i:type="Geometry"><Attributes/><ChildElements><URDFElement z:Id="i21" i:type="Mesh"><Attributes><Attribute z:Id="i22"><AttributeType>filename</AttributeType><IsRequired>true</IsRequired><Value i:nil="true"/></Attribute></Attributes><ChildElements/><ElementName>mesh</ElementName><required>false</required><FilenameAttribute z:Ref="i22"/></URDFElement></ChildElements><ElementName>geometry</ElementName><required>true</required><Mesh z:Ref="i21"/></URDFElement><URDFElement z:Id="i23" i:type="Material"><Attributes><Attribute z:Id="i24"><AttributeType>name</AttributeType><IsRequired>true</IsRequired><Value i:type="a:string" xmlns:a="http://www.w3.org/2001/XMLSchema"/></Attribute></Attributes><ChildElements><URDFElement z:Id="i25" i:type="Color"><Attributes><Attribute z:Id="i26"><AttributeType>rgba</AttributeType><IsRequired>true</IsRequired><Value i:type="a:ArrayOfdouble" xmlns:a="http://schemas.microsoft.com/2003/10/Serialization/Arrays"><a:double>1</a:double><a:double>1</a:double><a:double>1</a:double><a:double>1</a:double></Value></Attribute></Attributes><ChildElements/><ElementName>color</ElementName><required>false</required><RGBAAttribute z:Ref="i26"/></URDFElement><URDFElement z:Id="i27" i:type="Texture"><Attributes><Attribute z:Id="i28"><AttributeType>filename</AttributeType><IsRequired>true</IsRequired><Value i:nil="true"/></Attribute></Attributes><ChildElements/><ElementName>texture</ElementName><required>false</required><FilenameAttribute z:Ref="i28"/><wFilename/></URDFElement></ChildElements><ElementName>material</ElementName><required>false</required><Color z:Ref="i25"/><NameAttribute z:Ref="i24"/><Texture z:Ref="i27"/></URDFElement></ChildElements><ElementName>visual</ElementName><required>false</required><Geometry z:Ref="i20"/><Material z:Ref="i23"/><Origin z:Ref="i17"/></URDFElement><URDFElement z:Id="i29" i:type="Collision"><Attributes/><ChildElements><URDFElement z:Id="i30" i:type="Origin"><Attributes><Attribute z:Id="i31"><AttributeType>xyz</AttributeType><IsRequired>true</IsRequired><Value i:type="a:ArrayOfdouble" xmlns:a="http://schemas.microsoft.com/2003/10/Serialization/Arrays"><a:double>0</a:double><a:double>0</a:double><a:double>0</a:double></Value></Attribute><Attribute z:Id="i32"><AttributeType>rpy</AttributeType><IsRequired>true</IsRequired><Value i:type="a:ArrayOfdouble" xmlns:a="http://schemas.microsoft.com/2003/10/Serialization/Arrays"><a:double>0</a:double><a:double>0</a:double><a:double>0</a:double></Value></Attribute></Attributes><ChildElements/><ElementName>origin</ElementName><required>false</required><RPYAttribute z:Ref="i32"/><XYZAttribute z:Ref="i31"/><isCustomized>false</isCustomized></URDFElement><URDFElement z:Id="i33" i:type="Geometry"><Attributes/><ChildElements><URDFElement z:Id="i34" i:type="Mesh"><Attributes><Attribute z:Id="i35"><AttributeType>filename</AttributeType><IsRequired>true</IsRequired><Value i:nil="true"/></Attribute></Attributes><ChildElements/><ElementName>mesh</ElementName><required>false</required><FilenameAttribute z:Ref="i35"/></URDFElement></ChildElements><ElementName>geometry</ElementName><required>true</required><Mesh z:Ref="i34"/></URDFElement></ChildElements><ElementName>collision</ElementName><required>false</required><Geometry z:Ref="i33"/><Origin z:Ref="i30"/></URDFElement><URDFElement z:Id="i36" i:type="Joint"><Attributes><Attribute z:Id="i37"><AttributeType>name</AttributeType><IsRequired>true</IsRequired><Value i:type="a:string" xmlns:a="http://www.w3.org/2001/XMLSchema"/></Attribute><Attribute z:Id="i38"><AttributeType>type</AttributeType><IsRequired>true</IsRequired><Value i:type="a:string" xmlns:a="http://www.w3.org/2001/XMLSchema"/></Attribute></Attributes><ChildElements><URDFElement z:Id="i39" i:type="Origin"><Attributes><Attribute z:Id="i40"><AttributeType>xyz</AttributeType><IsRequired>true</IsRequired><Value i:type="a:ArrayOfdouble" xmlns:a="http://schemas.microsoft.com/2003/10/Serialization/Arrays"><a:double>0</a:double><a:double>0</a:double><a:double>0</a:double></Value></Attribute><Attribute z:Id="i41"><AttributeType>rpy</AttributeType><IsRequired>true</IsRequired><Value i:type="a:ArrayOfdouble" xmlns:a="http://schemas.microsoft.com/2003/10/Serialization/Arrays"><a:double>0</a:double><a:double>0</a:double><a:double>0</a:double></Value></Attribute></Attributes><ChildElements/><ElementName>origin</ElementName><required>false</required><RPYAttribute z:Ref="i41"/><XYZAttribute z:Ref="i40"/><isCustomized>false</isCustomized></URDFElement><URDFElement z:Id="i42" i:type="ParentLink"><Attributes><Attribute z:Id="i43"><AttributeType>link</AttributeType><IsRequired>true</IsRequired><Value i:type="a:string" xmlns:a="http://www.w3.org/2001/XMLSchema"/></Attribute></Attributes><ChildElements/><ElementName>parent</ElementName><required>true</required><NameAttribute z:Ref="i43"/></URDFElement><URDFElement z:Id="i44" i:type="ChildLink"><Attributes><Attribute z:Id="i45"><AttributeType>link</AttributeType><IsRequired>true</IsRequired><Value i:type="a:string" xmlns:a="http://www.w3.org/2001/XMLSchema"/></Attribute></Attributes><ChildElements/><ElementName>child</ElementName><required>true</required><NameAttribute z:Ref="i45"/></URDFElement><URDFElement z:Id="i46" i:type="Axis"><Attributes><Attribute z:Id="i47"><AttributeType>xyz</AttributeType><IsRequired>true</IsRequired><Value i:type="a:ArrayOfdouble" xmlns:a="http://schemas.microsoft.com/2003/10/Serialization/Arrays"><a:double>0</a:double><a:double>0</a:double><a:double>0</a:double></Value></Attribute></Attributes><ChildElements/><ElementName>axis</ElementName><required>false</required><XYZAttribute z:Ref="i47"/></URDFElement><URDFElement z:Id="i48" i:type="Limit"><Attributes><Attribute z:Id="i49"><AttributeType>lower</AttributeType><IsRequired>false</IsRequired><Value i:nil="true"/></Attribute><Attribute z:Id="i50"><AttributeType>upper</AttributeType><IsRequired>false</IsRequired><Value i:nil="true"/></Attribute><Attribute z:Id="i51"><AttributeType>effort</AttributeType><IsRequired>true</IsRequired><Value i:nil="true"/></Attribute><Attribute z:Id="i52"><AttributeType>velocity</AttributeType><IsRequired>true</IsRequired><Value i:nil="true"/></Attribute></Attributes><ChildElements/><ElementName>limit</ElementName><required>false</required><EffortAttribute z:Ref="i51"/><LowerAttribute z:Ref="i49"/><UpperAttribute z:Ref="i50"/><VelocityAttribute z:Ref="i52"/></URDFElement><URDFElement z:Id="i53" i:type="Calibration"><Attributes><Attribute z:Id="i54"><AttributeType>rising</AttributeType><IsRequired>false</IsRequired><Value i:nil="true"/></Attribute><Attribute z:Id="i55"><AttributeType>falling</AttributeType><IsRequired>false</IsRequired><Value i:nil="true"/></Attribute></Attributes><ChildElements/><ElementName>calibration</ElementName><required>false</required><FallingAttribute z:Ref="i55"/><RisingAttribute z:Ref="i54"/></URDFElement><URDFElement z:Id="i56" i:type="Dynamics"><Attributes><Attribute z:Id="i57"><AttributeType>damping</AttributeType><IsRequired>false</IsRequired><Value i:nil="true"/></Attribute><Attribute z:Id="i58"><AttributeType>friction</AttributeType><IsRequired>false</IsRequired><Value i:nil="true"/></Attribute></Attributes><ChildElements/><ElementName>dynamics</ElementName><required>false</required><DampingAttribute z:Ref="i57"/><FrictionAttribute z:Ref="i58"/></URDFElement><URDFElement z:Id="i59" i:type="SafetyController"><Attributes><Attribute z:Id="i60"><AttributeType>soft_upper_limit</AttributeType><IsRequired>false</IsRequired><Value i:nil="true"/></Attribute><Attribute z:Id="i61"><AttributeType>soft_lower_limit</AttributeType><IsRequired>false</IsRequired><Value i:nil="true"/></Attribute><Attribute z:Id="i62"><AttributeType>k_position</AttributeType><IsRequired>false</IsRequired><Value i:nil="true"/></Attribute><Attribute z:Id="i63"><AttributeType>k_velocity</AttributeType><IsRequired>true</IsRequired><Value i:nil="true"/></Attribute></Attributes><ChildElements/><ElementName>safety_controller</ElementName><required>false</required><KPositionAttribute z:Ref="i62"/><KVelocityAttribute z:Ref="i63"/><SoftLowerAttribute z:Ref="i61"/><SoftUpperAttribute z:Ref="i60"/></URDFElement><URDFElement z:Id="i64" i:type="Mimic"><Attributes><Attribute z:Id="i65"><AttributeType>joint</AttributeType><IsRequired>true</IsRequired><Value i:nil="true"/></Attribute><Attribute z:Id="i66"><AttributeType>multiplier</AttributeType><IsRequired>false</IsRequired><Value i:nil="true"/></Attribute><Attribute z:Id="i67"><AttributeType>offset</AttributeType><IsRequired>false</IsRequired><Value i:nil="true"/></Attribute></Attributes><ChildElements/><ElementName>mimic</ElementName><required>false</required><JointNameAttribute z:Ref="i65"/><MultiplierAttribute z:Ref="i66"/><OffsetAttribute z:Ref="i67"/></URDFElement></ChildElements><ElementName>joint</ElementName><required>false</required><Axis z:Ref="i46"/><AxisName/><Calibration z:Ref="i53"/><Child z:Ref="i44"/><CoordinateSystemName>Automatically Generate</CoordinateSystemName><Dynamics z:Ref="i56"/><Limit z:Ref="i48"/><Mimic z:Ref="i64"/><NameAttribute z:Ref="i37"/><Origin z:Ref="i39"/><Parent z:Ref="i42"/><Safety z:Ref="i59"/><TypeAttribute z:Ref="i38"/></URDFElement></ChildElements><ElementName>link</ElementName><required>true</required><Children/><Collision z:Ref="i29"/><Inertial z:Ref="i3"/><Joint z:Ref="i36"/><NameAttribute z:Ref="i2"/><Parent i:nil="true"/><STLQualityFine>false</STLQualityFine><SWComponentPIDs xmlns:a="http://schemas.microsoft.com/2003/10/Serialization/Arrays"><a:base64Binary>4C4AAAUAAAD//v8zUgBlAGEAbAAgAEIAbwAgAE0AbwB0AG8AcgAgAEcAZQBhAHIAIABCAG8AeABfADEALQAxAEAAUgBlAGEAbAAgAEIAbwAgAE0AbwB0AG8AcgAgAFcAaQB0AGgAIABXAGgAZQBlAGwABAAAABAAAAABAAAAAQAAABgAAAA=</a:base64Binary></SWComponentPIDs><SWMainComponentPID i:nil="true"/><Visual z:Ref="i16"/><isFixedFrame>false</isFixedFrame><isIncomplete>false</isIncomplete></Link>
2022-07-18 10:15:52,737 INFO  AssemblyExportForm.cs: 309 - Saving URDF package to D:\Praneet\Others\Self Project\motor
2022-07-18 10:15:52,737 INFO  ExportHelper.cs: 147 - Beginning the export process
2022-07-18 10:15:52,739 INFO  ExportHelper.cs: 153 - Creating package directories with name motor and save path D:\Praneet\Others\Self Project
2022-07-18 10:15:54,176 INFO  ExportHelper.cs: 162 - Creating CMakeLists.txt at D:\Praneet\Others\Self Project\motor\CMakeLists.txt
2022-07-18 10:15:54,177 INFO  ExportHelper.cs: 166 - Creating joint names config at D:\Praneet\Others\Self Project\motor\config\joint_names_motor.yaml
2022-07-18 10:15:54,180 INFO  ExportHelper.cs: 170 - Creating package.xml at D:\Praneet\Others\Self Project\motor\package.xml
2022-07-18 10:15:54,181 INFO  PackageXMLWriter.cs: 21 - Creating package.xml at D:\Praneet\Others\Self Project\motor\package.xml
2022-07-18 10:15:54,478 INFO  ExportHelper.cs: 177 - Creating RVIZ launch file in D:\Praneet\Others\Self Project\motor\launch\
2022-07-18 10:15:54,480 INFO  ExportHelper.cs: 182 - Creating Gazebo launch file in D:\Praneet\Others\Self Project\motor\launch\
2022-07-18 10:15:54,482 INFO  ExportHelper.cs: 187 - Saving existing STL preferences
2022-07-18 10:15:54,483 INFO  ExportHelper.cs: 450 - Saving users preferences
2022-07-18 10:15:54,485 INFO  ExportHelper.cs: 190 - Modifying STL preferences
2022-07-18 10:15:54,486 INFO  ExportHelper.cs: 464 - Setting STL preferences
2022-07-18 10:15:54,492 INFO  ExportHelper.cs: 196 - Found 0 hidden components 
2022-07-18 10:15:54,493 INFO  ExportHelper.cs: 197 - Hiding all components
2022-07-18 10:15:54,523 INFO  ExportHelper.cs: 204 - Beginning individual files export
2022-07-18 10:15:54,526 INFO  ExportHelper.cs: 270 - Exporting link: base_link
2022-07-18 10:15:54,527 INFO  ExportHelper.cs: 272 - Link base_link has 0 children
2022-07-18 10:15:54,527 INFO  ExportHelper.cs: 317 - base_link: Exporting STL with coordinate frame Origin_global
2022-07-18 10:15:54,528 INFO  ExportHelper.cs: 322 - base_link: Reference geometry name 
2022-07-18 10:15:54,553 INFO  ExportHelper.cs: 330 - Saving STL to D:\Praneet\Others\Self Project\motor\meshes\base_link.STL
2022-07-18 10:15:54,609 INFO  ExportHelper.cs: 405 - Removing SW header in STL file
2022-07-18 10:15:54,610 INFO  ExportHelper.cs: 145 - Showing all components except previously hidden components
2022-07-18 10:15:54,639 INFO  ExportHelper.cs: 145 - Resetting STL preferences
2022-07-18 10:15:54,640 INFO  ExportHelper.cs: 478 - Returning STL preferences to user preferences
2022-07-18 10:15:54,640 INFO  ExportHelper.cs: 228 - Writing URDF file to D:\Praneet\Others\Self Project\motor\urdf\motor.urdf
2022-07-18 10:15:54,642 INFO  CSVImportExport.cs: 32 - Writing CSV file D:\Praneet\Others\Self Project\motor\urdf\motor.csv
2022-07-18 10:15:54,643 ERROR CSVImportExport.cs: 130 - The following columns were not written to the CSV: Link.Joint.ChildLink.link,
2022-07-18 10:15:54,644 INFO  ExportHelper.cs: 234 - Copying log file
2022-07-18 10:15:54,645 INFO  ExportHelper.cs: 439 - Copying C:\Users\Praneet Nayak\sw2urdf_logs\sw2urdf.log to D:\Praneet\Others\Self Project\motor\export.log
